{"/code/dbConfig.js": {"path":"/code/dbConfig.js","statementMap":{"0":{"start":{"line":1,"column":24},"end":{"line":1,"column":42}},"1":{"start":{"line":2,"column":22},"end":{"line":2,"column":59}},"2":{"start":{"line":4,"column":15},"end":{"line":4,"column":29}},"3":{"start":{"line":6,"column":13},"end":{"line":10,"column":1}},"4":{"start":{"line":7,"column":15},"end":{"line":7,"column":55}},"5":{"start":{"line":8,"column":2},"end":{"line":8,"column":47}},"6":{"start":{"line":9,"column":2},"end":{"line":9,"column":26}},"7":{"start":{"line":13,"column":0},"end":{"line":13,"column":26}}},"fnMap":{"0":{"name":"(anonymous_0)","decl":{"start":{"line":6,"column":13},"end":{"line":6,"column":14}},"loc":{"start":{"line":6,"column":25},"end":{"line":10,"column":1}},"line":6}},"branchMap":{},"s":{"0":3,"1":3,"2":3,"3":3,"4":16,"5":16,"6":16,"7":3},"f":{"0":16},"b":{},"_coverageSchema":"1a1c01bbd47fc00a2c39e90264f33305004495a9","hash":"e3dc932aadd3c864b9c545a365fc4dd2af01c269"}
,"/code/server.js": {"path":"/code/server.js","statementMap":{"0":{"start":{"line":1,"column":16},"end":{"line":1,"column":34}},"1":{"start":{"line":2,"column":13},"end":{"line":2,"column":28}},"2":{"start":{"line":4,"column":15},"end":{"line":4,"column":24}},"3":{"start":{"line":5,"column":0},"end":{"line":5,"column":18}},"4":{"start":{"line":6,"column":0},"end":{"line":6,"column":26}},"5":{"start":{"line":8,"column":20},"end":{"line":8,"column":45}},"6":{"start":{"line":9,"column":20},"end":{"line":9,"column":44}},"7":{"start":{"line":10,"column":21},"end":{"line":10,"column":47}},"8":{"start":{"line":12,"column":1},"end":{"line":12,"column":32}},"9":{"start":{"line":13,"column":1},"end":{"line":13,"column":33}},"10":{"start":{"line":14,"column":1},"end":{"line":14,"column":35}},"11":{"start":{"line":16,"column":0},"end":{"line":16,"column":64}},"12":{"start":{"line":16,"column":29},"end":{"line":16,"column":63}},"13":{"start":{"line":18,"column":0},"end":{"line":18,"column":23}}},"fnMap":{"0":{"name":"(anonymous_0)","decl":{"start":{"line":16,"column":16},"end":{"line":16,"column":17}},"loc":{"start":{"line":16,"column":29},"end":{"line":16,"column":63}},"line":16}},"branchMap":{},"s":{"0":3,"1":3,"2":3,"3":3,"4":3,"5":3,"6":3,"7":3,"8":3,"9":3,"10":3,"11":3,"12":0,"13":3},"f":{"0":0},"b":{},"_coverageSchema":"1a1c01bbd47fc00a2c39e90264f33305004495a9","hash":"505c4e472a442f43c5f2259a00a31ba7e355a702"}
,"/code/controllers/auth.js": {"path":"/code/controllers/auth.js","statementMap":{"0":{"start":{"line":1,"column":15},"end":{"line":1,"column":34}},"1":{"start":{"line":3,"column":13},"end":{"line":3,"column":38}},"2":{"start":{"line":4,"column":14},"end":{"line":4,"column":40}},"3":{"start":{"line":5,"column":27},"end":{"line":5,"column":46}},"4":{"start":{"line":8,"column":4},"end":{"line":20,"column":5}},"5":{"start":{"line":9,"column":31},"end":{"line":9,"column":75}},"6":{"start":{"line":10,"column":8},"end":{"line":17,"column":9}},"7":{"start":{"line":11,"column":25},"end":{"line":11,"column":47}},"8":{"start":{"line":12,"column":27},"end":{"line":12,"column":69}},"9":{"start":{"line":13,"column":12},"end":{"line":13,"column":63}},"10":{"start":{"line":14,"column":12},"end":{"line":14,"column":56}},"11":{"start":{"line":16,"column":12},"end":{"line":16,"column":45}},"12":{"start":{"line":19,"column":8},"end":{"line":19,"column":36}},"13":{"start":{"line":24,"column":4},"end":{"line":45,"column":5}},"14":{"start":{"line":25,"column":21},"end":{"line":25,"column":65}},"15":{"start":{"line":26,"column":8},"end":{"line":26,"column":66}},"16":{"start":{"line":26,"column":19},"end":{"line":26,"column":64}},"17":{"start":{"line":27,"column":23},"end":{"line":27,"column":83}},"18":{"start":{"line":28,"column":8},"end":{"line":42,"column":9}},"19":{"start":{"line":30,"column":24},"end":{"line":30,"column":32}},"20":{"start":{"line":31,"column":30},"end":{"line":31,"column":95}},"21":{"start":{"line":34,"column":12},"end":{"line":38,"column":13}},"22":{"start":{"line":35,"column":16},"end":{"line":35,"column":54}},"23":{"start":{"line":36,"column":16},"end":{"line":36,"column":46}},"24":{"start":{"line":39,"column":12},"end":{"line":39,"column":79}},"25":{"start":{"line":41,"column":12},"end":{"line":41,"column":62}},"26":{"start":{"line":44,"column":8},"end":{"line":44,"column":71}},"27":{"start":{"line":49,"column":0},"end":{"line":49,"column":36}}},"fnMap":{"0":{"name":"register","decl":{"start":{"line":7,"column":15},"end":{"line":7,"column":23}},"loc":{"start":{"line":7,"column":34},"end":{"line":21,"column":1}},"line":7},"1":{"name":"login","decl":{"start":{"line":23,"column":15},"end":{"line":23,"column":20}},"loc":{"start":{"line":23,"column":31},"end":{"line":46,"column":1}},"line":23}},"branchMap":{"0":{"loc":{"start":{"line":10,"column":8},"end":{"line":17,"column":9}},"type":"if","locations":[{"start":{"line":10,"column":8},"end":{"line":17,"column":9}},{"start":{"line":15,"column":15},"end":{"line":17,"column":9}}],"line":10},"1":{"loc":{"start":{"line":26,"column":8},"end":{"line":26,"column":66}},"type":"if","locations":[{"start":{"line":26,"column":8},"end":{"line":26,"column":66}},{"start":{},"end":{}}],"line":26},"2":{"loc":{"start":{"line":28,"column":8},"end":{"line":42,"column":9}},"type":"if","locations":[{"start":{"line":28,"column":8},"end":{"line":42,"column":9}},{"start":{"line":40,"column":15},"end":{"line":42,"column":9}}],"line":28},"3":{"loc":{"start":{"line":34,"column":12},"end":{"line":38,"column":13}},"type":"if","locations":[{"start":{"line":34,"column":12},"end":{"line":38,"column":13}},{"start":{},"end":{}}],"line":34}},"s":{"0":3,"1":3,"2":3,"3":3,"4":1,"5":1,"6":1,"7":0,"8":0,"9":0,"10":0,"11":1,"12":0,"13":1,"14":1,"15":1,"16":0,"17":1,"18":1,"19":1,"20":1,"21":1,"22":1,"23":1,"24":1,"25":0,"26":0,"27":3},"f":{"0":1,"1":1},"b":{"0":[0,1],"1":[0,1],"2":[1,0],"3":[1,0]},"_coverageSchema":"1a1c01bbd47fc00a2c39e90264f33305004495a9","hash":"6678dba415f14a13398408147453117fd133585d"}
,"/code/controllers/habits.js": {"path":"/code/controllers/habits.js","statementMap":{"0":{"start":{"line":1,"column":14},"end":{"line":1,"column":40}},"1":{"start":{"line":4,"column":4},"end":{"line":9,"column":5}},"2":{"start":{"line":5,"column":23},"end":{"line":5,"column":38}},"3":{"start":{"line":6,"column":8},"end":{"line":6,"column":39}},"4":{"start":{"line":8,"column":8},"end":{"line":8,"column":36}},"5":{"start":{"line":13,"column":4},"end":{"line":18,"column":5}},"6":{"start":{"line":14,"column":22},"end":{"line":14,"column":57}},"7":{"start":{"line":15,"column":8},"end":{"line":15,"column":24}},"8":{"start":{"line":17,"column":8},"end":{"line":17,"column":36}},"9":{"start":{"line":22,"column":4},"end":{"line":27,"column":5}},"10":{"start":{"line":23,"column":23},"end":{"line":23,"column":66}},"11":{"start":{"line":24,"column":8},"end":{"line":24,"column":39}},"12":{"start":{"line":26,"column":8},"end":{"line":26,"column":35}},"13":{"start":{"line":32,"column":4},"end":{"line":37,"column":5}},"14":{"start":{"line":33,"column":22},"end":{"line":33,"column":108}},"15":{"start":{"line":34,"column":8},"end":{"line":34,"column":50}},"16":{"start":{"line":36,"column":8},"end":{"line":36,"column":36}},"17":{"start":{"line":41,"column":4},"end":{"line":47,"column":5}},"18":{"start":{"line":42,"column":22},"end":{"line":42,"column":55}},"19":{"start":{"line":43,"column":29},"end":{"line":43,"column":65}},"20":{"start":{"line":44,"column":8},"end":{"line":44,"column":31}},"21":{"start":{"line":46,"column":8},"end":{"line":46,"column":35}},"22":{"start":{"line":51,"column":4},"end":{"line":57,"column":5}},"23":{"start":{"line":52,"column":22},"end":{"line":52,"column":57}},"24":{"start":{"line":53,"column":8},"end":{"line":53,"column":30}},"25":{"start":{"line":54,"column":8},"end":{"line":54,"column":46}},"26":{"start":{"line":56,"column":8},"end":{"line":56,"column":36}},"27":{"start":{"line":60,"column":0},"end":{"line":60,"column":73}}},"fnMap":{"0":{"name":"index","decl":{"start":{"line":3,"column":15},"end":{"line":3,"column":20}},"loc":{"start":{"line":3,"column":31},"end":{"line":10,"column":1}},"line":3},"1":{"name":"show","decl":{"start":{"line":12,"column":15},"end":{"line":12,"column":19}},"loc":{"start":{"line":12,"column":30},"end":{"line":19,"column":1}},"line":12},"2":{"name":"showUserHabits","decl":{"start":{"line":21,"column":15},"end":{"line":21,"column":29}},"loc":{"start":{"line":21,"column":40},"end":{"line":28,"column":1}},"line":21},"3":{"name":"create","decl":{"start":{"line":31,"column":15},"end":{"line":31,"column":21}},"loc":{"start":{"line":31,"column":32},"end":{"line":38,"column":1}},"line":31},"4":{"name":"patch","decl":{"start":{"line":40,"column":15},"end":{"line":40,"column":20}},"loc":{"start":{"line":40,"column":31},"end":{"line":48,"column":1}},"line":40},"5":{"name":"destroy","decl":{"start":{"line":50,"column":15},"end":{"line":50,"column":22}},"loc":{"start":{"line":50,"column":33},"end":{"line":58,"column":1}},"line":50}},"branchMap":{},"s":{"0":3,"1":1,"2":1,"3":1,"4":0,"5":1,"6":1,"7":1,"8":0,"9":1,"10":1,"11":1,"12":0,"13":1,"14":1,"15":1,"16":0,"17":1,"18":1,"19":1,"20":1,"21":0,"22":1,"23":1,"24":1,"25":1,"26":0,"27":3},"f":{"0":1,"1":1,"2":1,"3":1,"4":1,"5":1},"b":{},"_coverageSchema":"1a1c01bbd47fc00a2c39e90264f33305004495a9","hash":"0706c0b8c33b003ffe8d7ccc4e10e164eb27e116"}
,"/code/controllers/users.js": {"path":"/code/controllers/users.js","statementMap":{"0":{"start":{"line":1,"column":13},"end":{"line":1,"column":38}},"1":{"start":{"line":4,"column":4},"end":{"line":9,"column":5}},"2":{"start":{"line":5,"column":22},"end":{"line":5,"column":36}},"3":{"start":{"line":6,"column":8},"end":{"line":6,"column":38}},"4":{"start":{"line":8,"column":8},"end":{"line":8,"column":34}},"5":{"start":{"line":13,"column":4},"end":{"line":18,"column":5}},"6":{"start":{"line":14,"column":21},"end":{"line":14,"column":55}},"7":{"start":{"line":15,"column":8},"end":{"line":15,"column":23}},"8":{"start":{"line":17,"column":8},"end":{"line":17,"column":36}},"9":{"start":{"line":22,"column":4},"end":{"line":28,"column":5}},"10":{"start":{"line":23,"column":21},"end":{"line":23,"column":53}},"11":{"start":{"line":24,"column":28},"end":{"line":24,"column":67}},"12":{"start":{"line":25,"column":8},"end":{"line":25,"column":30}},"13":{"start":{"line":27,"column":8},"end":{"line":27,"column":35}},"14":{"start":{"line":31,"column":0},"end":{"line":31,"column":40}}},"fnMap":{"0":{"name":"index","decl":{"start":{"line":3,"column":15},"end":{"line":3,"column":20}},"loc":{"start":{"line":3,"column":31},"end":{"line":10,"column":1}},"line":3},"1":{"name":"show","decl":{"start":{"line":12,"column":15},"end":{"line":12,"column":19}},"loc":{"start":{"line":12,"column":30},"end":{"line":19,"column":1}},"line":12},"2":{"name":"patch","decl":{"start":{"line":21,"column":15},"end":{"line":21,"column":20}},"loc":{"start":{"line":21,"column":31},"end":{"line":29,"column":1}},"line":21}},"branchMap":{},"s":{"0":3,"1":1,"2":1,"3":1,"4":0,"5":1,"6":1,"7":1,"8":0,"9":1,"10":1,"11":1,"12":1,"13":0,"14":3},"f":{"0":1,"1":1,"2":1},"b":{},"_coverageSchema":"1a1c01bbd47fc00a2c39e90264f33305004495a9","hash":"172735cc2bf5573208772fafe206536f210ee25d"}
,"/code/models/habit.js": {"path":"/code/models/habit.js","statementMap":{"0":{"start":{"line":1,"column":17},"end":{"line":1,"column":40}},"1":{"start":{"line":2,"column":21},"end":{"line":2,"column":39}},"2":{"start":{"line":6,"column":8},"end":{"line":6,"column":25}},"3":{"start":{"line":7,"column":8},"end":{"line":7,"column":31}},"4":{"start":{"line":8,"column":8},"end":{"line":8,"column":39}},"5":{"start":{"line":9,"column":8},"end":{"line":9,"column":29}},"6":{"start":{"line":10,"column":8},"end":{"line":10,"column":35}},"7":{"start":{"line":11,"column":8},"end":{"line":11,"column":39}},"8":{"start":{"line":12,"column":8},"end":{"line":12,"column":33}},"9":{"start":{"line":13,"column":8},"end":{"line":13,"column":33}},"10":{"start":{"line":17,"column":8},"end":{"line":27,"column":10}},"11":{"start":{"line":18,"column":12},"end":{"line":26,"column":13}},"12":{"start":{"line":19,"column":27},"end":{"line":19,"column":39}},"13":{"start":{"line":20,"column":35},"end":{"line":20,"column":81}},"14":{"start":{"line":21,"column":31},"end":{"line":21,"column":82}},"15":{"start":{"line":21,"column":51},"end":{"line":21,"column":81}},"16":{"start":{"line":22,"column":16},"end":{"line":22,"column":28}},"17":{"start":{"line":24,"column":16},"end":{"line":24,"column":33}},"18":{"start":{"line":25,"column":16},"end":{"line":25,"column":46}},"19":{"start":{"line":32,"column":8},"end":{"line":41,"column":10}},"20":{"start":{"line":33,"column":12},"end":{"line":40,"column":13}},"21":{"start":{"line":34,"column":27},"end":{"line":34,"column":39}},"22":{"start":{"line":35,"column":32},"end":{"line":35,"column":99}},"23":{"start":{"line":36,"column":28},"end":{"line":36,"column":78}},"24":{"start":{"line":37,"column":16},"end":{"line":37,"column":27}},"25":{"start":{"line":39,"column":16},"end":{"line":39,"column":38}},"26":{"start":{"line":45,"column":8},"end":{"line":54,"column":10}},"27":{"start":{"line":46,"column":12},"end":{"line":53,"column":13}},"28":{"start":{"line":47,"column":27},"end":{"line":47,"column":39}},"29":{"start":{"line":48,"column":33},"end":{"line":48,"column":97}},"30":{"start":{"line":49,"column":35},"end":{"line":49,"column":86}},"31":{"start":{"line":49,"column":55},"end":{"line":49,"column":85}},"32":{"start":{"line":50,"column":16},"end":{"line":50,"column":31}},"33":{"start":{"line":52,"column":16},"end":{"line":52,"column":44}},"34":{"start":{"line":61,"column":8},"end":{"line":70,"column":10}},"35":{"start":{"line":62,"column":12},"end":{"line":69,"column":13}},"36":{"start":{"line":63,"column":27},"end":{"line":63,"column":39}},"37":{"start":{"line":64,"column":32},"end":{"line":64,"column":149}},"38":{"start":{"line":65,"column":31},"end":{"line":65,"column":62}},"39":{"start":{"line":66,"column":16},"end":{"line":66,"column":30}},"40":{"start":{"line":68,"column":16},"end":{"line":68,"column":49}},"41":{"start":{"line":74,"column":8},"end":{"line":91,"column":10}},"42":{"start":{"line":75,"column":12},"end":{"line":89,"column":13}},"43":{"start":{"line":76,"column":27},"end":{"line":76,"column":39}},"44":{"start":{"line":78,"column":16},"end":{"line":81,"column":17}},"45":{"start":{"line":79,"column":24},"end":{"line":79,"column":137}},"46":{"start":{"line":83,"column":37},"end":{"line":83,"column":132}},"47":{"start":{"line":85,"column":16},"end":{"line":85,"column":34}},"48":{"start":{"line":88,"column":16},"end":{"line":88,"column":49}},"49":{"start":{"line":98,"column":8},"end":{"line":106,"column":10}},"50":{"start":{"line":99,"column":12},"end":{"line":105,"column":13}},"51":{"start":{"line":100,"column":27},"end":{"line":100,"column":39}},"52":{"start":{"line":101,"column":16},"end":{"line":101,"column":81}},"53":{"start":{"line":102,"column":16},"end":{"line":102,"column":40}},"54":{"start":{"line":104,"column":16},"end":{"line":104,"column":49}},"55":{"start":{"line":110,"column":0},"end":{"line":110,"column":23}}},"fnMap":{"0":{"name":"(anonymous_0)","decl":{"start":{"line":5,"column":4},"end":{"line":5,"column":5}},"loc":{"start":{"line":5,"column":21},"end":{"line":14,"column":5}},"line":5},"1":{"name":"(anonymous_1)","decl":{"start":{"line":16,"column":4},"end":{"line":16,"column":5}},"loc":{"start":{"line":16,"column":21},"end":{"line":28,"column":5}},"line":16},"2":{"name":"(anonymous_2)","decl":{"start":{"line":17,"column":28},"end":{"line":17,"column":29}},"loc":{"start":{"line":17,"column":48},"end":{"line":27,"column":9}},"line":17},"3":{"name":"(anonymous_3)","decl":{"start":{"line":21,"column":46},"end":{"line":21,"column":47}},"loc":{"start":{"line":21,"column":51},"end":{"line":21,"column":81}},"line":21},"4":{"name":"(anonymous_4)","decl":{"start":{"line":31,"column":4},"end":{"line":31,"column":5}},"loc":{"start":{"line":31,"column":24},"end":{"line":42,"column":5}},"line":31},"5":{"name":"(anonymous_5)","decl":{"start":{"line":32,"column":28},"end":{"line":32,"column":29}},"loc":{"start":{"line":32,"column":48},"end":{"line":41,"column":9}},"line":32},"6":{"name":"(anonymous_6)","decl":{"start":{"line":44,"column":4},"end":{"line":44,"column":5}},"loc":{"start":{"line":44,"column":32},"end":{"line":55,"column":5}},"line":44},"7":{"name":"(anonymous_7)","decl":{"start":{"line":45,"column":28},"end":{"line":45,"column":29}},"loc":{"start":{"line":45,"column":48},"end":{"line":54,"column":9}},"line":45},"8":{"name":"(anonymous_8)","decl":{"start":{"line":49,"column":50},"end":{"line":49,"column":51}},"loc":{"start":{"line":49,"column":55},"end":{"line":49,"column":85}},"line":49},"9":{"name":"(anonymous_9)","decl":{"start":{"line":60,"column":4},"end":{"line":60,"column":5}},"loc":{"start":{"line":60,"column":50},"end":{"line":71,"column":5}},"line":60},"10":{"name":"(anonymous_10)","decl":{"start":{"line":61,"column":28},"end":{"line":61,"column":29}},"loc":{"start":{"line":61,"column":48},"end":{"line":70,"column":9}},"line":61},"11":{"name":"(anonymous_11)","decl":{"start":{"line":73,"column":4},"end":{"line":73,"column":5}},"loc":{"start":{"line":73,"column":20},"end":{"line":95,"column":5}},"line":73},"12":{"name":"(anonymous_12)","decl":{"start":{"line":74,"column":28},"end":{"line":74,"column":29}},"loc":{"start":{"line":74,"column":48},"end":{"line":91,"column":9}},"line":74},"13":{"name":"(anonymous_13)","decl":{"start":{"line":97,"column":4},"end":{"line":97,"column":5}},"loc":{"start":{"line":97,"column":14},"end":{"line":107,"column":5}},"line":97},"14":{"name":"(anonymous_14)","decl":{"start":{"line":98,"column":28},"end":{"line":98,"column":29}},"loc":{"start":{"line":98,"column":48},"end":{"line":106,"column":9}},"line":98}},"branchMap":{"0":{"loc":{"start":{"line":78,"column":16},"end":{"line":81,"column":17}},"type":"if","locations":[{"start":{"line":78,"column":16},"end":{"line":81,"column":17}},{"start":{},"end":{}}],"line":78},"1":{"loc":{"start":{"line":78,"column":20},"end":{"line":78,"column":71}},"type":"binary-expr","locations":[{"start":{"line":78,"column":21},"end":{"line":78,"column":34}},{"start":{"line":78,"column":40},"end":{"line":78,"column":70}}],"line":78}},"s":{"0":3,"1":3,"2":10,"3":10,"4":10,"5":10,"6":10,"7":10,"8":10,"9":10,"10":1,"11":1,"12":1,"13":1,"14":1,"15":5,"16":1,"17":0,"18":0,"19":3,"20":3,"21":3,"22":3,"23":3,"24":3,"25":0,"26":1,"27":1,"28":1,"29":1,"30":1,"31":1,"32":1,"33":0,"34":1,"35":1,"36":1,"37":1,"38":1,"39":1,"40":0,"41":1,"42":1,"43":1,"44":1,"45":0,"46":1,"47":1,"48":0,"49":1,"50":1,"51":1,"52":1,"53":1,"54":0,"55":3},"f":{"0":10,"1":1,"2":1,"3":5,"4":3,"5":3,"6":1,"7":1,"8":1,"9":1,"10":1,"11":1,"12":1,"13":1,"14":1},"b":{"0":[0,1],"1":[1,1]},"_coverageSchema":"1a1c01bbd47fc00a2c39e90264f33305004495a9","hash":"875d884318d35a2459f90738eb354d861cf997b2"}
,"/code/models/user.js": {"path":"/code/models/user.js","statementMap":{"0":{"start":{"line":1,"column":17},"end":{"line":1,"column":40}},"1":{"start":{"line":2,"column":21},"end":{"line":2,"column":39}},"2":{"start":{"line":7,"column":8},"end":{"line":7,"column":25}},"3":{"start":{"line":8,"column":8},"end":{"line":8,"column":37}},"4":{"start":{"line":9,"column":8},"end":{"line":9,"column":49}},"5":{"start":{"line":10,"column":8},"end":{"line":10,"column":37}},"6":{"start":{"line":14,"column":8},"end":{"line":24,"column":10}},"7":{"start":{"line":15,"column":12},"end":{"line":23,"column":13}},"8":{"start":{"line":16,"column":27},"end":{"line":16,"column":39}},"9":{"start":{"line":17,"column":34},"end":{"line":17,"column":79}},"10":{"start":{"line":18,"column":30},"end":{"line":18,"column":79}},"11":{"start":{"line":18,"column":49},"end":{"line":18,"column":78}},"12":{"start":{"line":19,"column":16},"end":{"line":19,"column":27}},"13":{"start":{"line":21,"column":16},"end":{"line":21,"column":33}},"14":{"start":{"line":22,"column":16},"end":{"line":22,"column":45}},"15":{"start":{"line":28,"column":8},"end":{"line":37,"column":10}},"16":{"start":{"line":29,"column":12},"end":{"line":36,"column":13}},"17":{"start":{"line":30,"column":27},"end":{"line":30,"column":39}},"18":{"start":{"line":31,"column":31},"end":{"line":31,"column":97}},"19":{"start":{"line":32,"column":27},"end":{"line":32,"column":74}},"20":{"start":{"line":33,"column":16},"end":{"line":33,"column":26}},"21":{"start":{"line":35,"column":16},"end":{"line":35,"column":37}},"22":{"start":{"line":41,"column":8},"end":{"line":54,"column":10}},"23":{"start":{"line":42,"column":12},"end":{"line":53,"column":13}},"24":{"start":{"line":43,"column":27},"end":{"line":43,"column":39}},"25":{"start":{"line":45,"column":28},"end":{"line":45,"column":36}},"26":{"start":{"line":46,"column":34},"end":{"line":46,"column":99}},"27":{"start":{"line":48,"column":29},"end":{"line":48,"column":130}},"28":{"start":{"line":49,"column":30},"end":{"line":49,"column":57}},"29":{"start":{"line":50,"column":16},"end":{"line":50,"column":30}},"30":{"start":{"line":52,"column":16},"end":{"line":52,"column":51}},"31":{"start":{"line":58,"column":8},"end":{"line":66,"column":10}},"32":{"start":{"line":59,"column":12},"end":{"line":65,"column":13}},"33":{"start":{"line":60,"column":27},"end":{"line":60,"column":39}},"34":{"start":{"line":61,"column":36},"end":{"line":61,"column":135}},"35":{"start":{"line":62,"column":16},"end":{"line":62,"column":33}},"36":{"start":{"line":64,"column":16},"end":{"line":64,"column":48}},"37":{"start":{"line":74,"column":8},"end":{"line":131,"column":6}},"38":{"start":{"line":75,"column":12},"end":{"line":130,"column":9}},"39":{"start":{"line":76,"column":23},"end":{"line":76,"column":35}},"40":{"start":{"line":78,"column":25},"end":{"line":78,"column":43}},"41":{"start":{"line":79,"column":33},"end":{"line":79,"column":56}},"42":{"start":{"line":80,"column":36},"end":{"line":80,"column":57}},"43":{"start":{"line":81,"column":33},"end":{"line":81,"column":78}},"44":{"start":{"line":82,"column":36},"end":{"line":82,"column":84}},"45":{"start":{"line":86,"column":12},"end":{"line":92,"column":13}},"46":{"start":{"line":88,"column":16},"end":{"line":88,"column":113}},"47":{"start":{"line":91,"column":16},"end":{"line":91,"column":131}},"48":{"start":{"line":94,"column":12},"end":{"line":94,"column":126}},"49":{"start":{"line":97,"column":35},"end":{"line":97,"column":78}},"50":{"start":{"line":99,"column":12},"end":{"line":110,"column":13}},"51":{"start":{"line":101,"column":16},"end":{"line":107,"column":17}},"52":{"start":{"line":103,"column":20},"end":{"line":103,"column":118}},"53":{"start":{"line":106,"column":20},"end":{"line":106,"column":136}},"54":{"start":{"line":109,"column":16},"end":{"line":109,"column":131}},"55":{"start":{"line":113,"column":32},"end":{"line":113,"column":57}},"56":{"start":{"line":114,"column":35},"end":{"line":114,"column":63}},"57":{"start":{"line":115,"column":12},"end":{"line":125,"column":13}},"58":{"start":{"line":116,"column":16},"end":{"line":122,"column":17}},"59":{"start":{"line":118,"column":20},"end":{"line":118,"column":137}},"60":{"start":{"line":121,"column":20},"end":{"line":121,"column":119}},"61":{"start":{"line":123,"column":16},"end":{"line":123,"column":132}},"62":{"start":{"line":127,"column":16},"end":{"line":127,"column":49}},"63":{"start":{"line":129,"column":12},"end":{"line":129,"column":55}},"64":{"start":{"line":136,"column":8},"end":{"line":145,"column":10}},"65":{"start":{"line":137,"column":12},"end":{"line":144,"column":13}},"66":{"start":{"line":138,"column":27},"end":{"line":138,"column":39}},"67":{"start":{"line":139,"column":29},"end":{"line":139,"column":96}},"68":{"start":{"line":140,"column":27},"end":{"line":140,"column":70}},"69":{"start":{"line":141,"column":16},"end":{"line":141,"column":26}},"70":{"start":{"line":143,"column":16},"end":{"line":143,"column":52}},"71":{"start":{"line":149,"column":8},"end":{"line":162,"column":10}},"72":{"start":{"line":150,"column":12},"end":{"line":161,"column":13}},"73":{"start":{"line":151,"column":27},"end":{"line":151,"column":39}},"74":{"start":{"line":152,"column":29},"end":{"line":152,"column":86}},"75":{"start":{"line":153,"column":27},"end":{"line":153,"column":51}},"76":{"start":{"line":154,"column":29},"end":{"line":154,"column":33}},"77":{"start":{"line":155,"column":16},"end":{"line":157,"column":17}},"78":{"start":{"line":156,"column":20},"end":{"line":156,"column":34}},"79":{"start":{"line":158,"column":16},"end":{"line":158,"column":28}},"80":{"start":{"line":160,"column":16},"end":{"line":160,"column":52}},"81":{"start":{"line":166,"column":0},"end":{"line":166,"column":22}}},"fnMap":{"0":{"name":"(anonymous_0)","decl":{"start":{"line":6,"column":4},"end":{"line":6,"column":5}},"loc":{"start":{"line":6,"column":21},"end":{"line":11,"column":5}},"line":6},"1":{"name":"(anonymous_1)","decl":{"start":{"line":13,"column":4},"end":{"line":13,"column":5}},"loc":{"start":{"line":13,"column":21},"end":{"line":25,"column":5}},"line":13},"2":{"name":"(anonymous_2)","decl":{"start":{"line":14,"column":28},"end":{"line":14,"column":29}},"loc":{"start":{"line":14,"column":48},"end":{"line":24,"column":9}},"line":14},"3":{"name":"(anonymous_3)","decl":{"start":{"line":18,"column":44},"end":{"line":18,"column":45}},"loc":{"start":{"line":18,"column":49},"end":{"line":18,"column":78}},"line":18},"4":{"name":"(anonymous_4)","decl":{"start":{"line":27,"column":4},"end":{"line":27,"column":5}},"loc":{"start":{"line":27,"column":24},"end":{"line":38,"column":5}},"line":27},"5":{"name":"(anonymous_5)","decl":{"start":{"line":28,"column":28},"end":{"line":28,"column":29}},"loc":{"start":{"line":28,"column":48},"end":{"line":37,"column":9}},"line":28},"6":{"name":"(anonymous_6)","decl":{"start":{"line":40,"column":4},"end":{"line":40,"column":5}},"loc":{"start":{"line":40,"column":42},"end":{"line":55,"column":5}},"line":40},"7":{"name":"(anonymous_7)","decl":{"start":{"line":41,"column":27},"end":{"line":41,"column":28}},"loc":{"start":{"line":41,"column":46},"end":{"line":54,"column":9}},"line":41},"8":{"name":"(anonymous_8)","decl":{"start":{"line":57,"column":4},"end":{"line":57,"column":5}},"loc":{"start":{"line":57,"column":24},"end":{"line":70,"column":5}},"line":57},"9":{"name":"(anonymous_9)","decl":{"start":{"line":58,"column":28},"end":{"line":58,"column":29}},"loc":{"start":{"line":58,"column":48},"end":{"line":66,"column":9}},"line":58},"10":{"name":"(anonymous_10)","decl":{"start":{"line":72,"column":4},"end":{"line":72,"column":5}},"loc":{"start":{"line":72,"column":32},"end":{"line":133,"column":5}},"line":72},"11":{"name":"(anonymous_11)","decl":{"start":{"line":74,"column":28},"end":{"line":74,"column":29}},"loc":{"start":{"line":74,"column":48},"end":{"line":131,"column":5}},"line":74},"12":{"name":"(anonymous_12)","decl":{"start":{"line":135,"column":4},"end":{"line":135,"column":5}},"loc":{"start":{"line":135,"column":36},"end":{"line":146,"column":5}},"line":135},"13":{"name":"(anonymous_13)","decl":{"start":{"line":136,"column":27},"end":{"line":136,"column":28}},"loc":{"start":{"line":136,"column":47},"end":{"line":145,"column":9}},"line":136},"14":{"name":"(anonymous_14)","decl":{"start":{"line":148,"column":4},"end":{"line":148,"column":5}},"loc":{"start":{"line":148,"column":36},"end":{"line":163,"column":5}},"line":148},"15":{"name":"(anonymous_15)","decl":{"start":{"line":149,"column":27},"end":{"line":149,"column":28}},"loc":{"start":{"line":149,"column":47},"end":{"line":162,"column":9}},"line":149}},"branchMap":{"0":{"loc":{"start":{"line":86,"column":12},"end":{"line":92,"column":13}},"type":"if","locations":[{"start":{"line":86,"column":12},"end":{"line":92,"column":13}},{"start":{"line":89,"column":19},"end":{"line":92,"column":13}}],"line":86},"1":{"loc":{"start":{"line":99,"column":12},"end":{"line":110,"column":13}},"type":"if","locations":[{"start":{"line":99,"column":12},"end":{"line":110,"column":13}},{"start":{},"end":{}}],"line":99},"2":{"loc":{"start":{"line":101,"column":16},"end":{"line":107,"column":17}},"type":"if","locations":[{"start":{"line":101,"column":16},"end":{"line":107,"column":17}},{"start":{"line":104,"column":23},"end":{"line":107,"column":17}}],"line":101},"3":{"loc":{"start":{"line":115,"column":12},"end":{"line":125,"column":13}},"type":"if","locations":[{"start":{"line":115,"column":12},"end":{"line":125,"column":13}},{"start":{},"end":{}}],"line":115},"4":{"loc":{"start":{"line":116,"column":16},"end":{"line":122,"column":17}},"type":"if","locations":[{"start":{"line":116,"column":16},"end":{"line":122,"column":17}},{"start":{"line":119,"column":23},"end":{"line":122,"column":17}}],"line":116},"5":{"loc":{"start":{"line":116,"column":20},"end":{"line":116,"column":153}},"type":"binary-expr","locations":[{"start":{"line":116,"column":22},"end":{"line":116,"column":60}},{"start":{"line":116,"column":66},"end":{"line":116,"column":105}},{"start":{"line":116,"column":112},"end":{"line":116,"column":152}}],"line":116},"6":{"loc":{"start":{"line":155,"column":16},"end":{"line":157,"column":17}},"type":"if","locations":[{"start":{"line":155,"column":16},"end":{"line":157,"column":17}},{"start":{},"end":{}}],"line":155}},"s":{"0":3,"1":3,"2":8,"3":8,"4":8,"5":8,"6":1,"7":1,"8":1,"9":1,"10":1,"11":4,"12":1,"13":0,"14":0,"15":2,"16":2,"17":2,"18":2,"19":2,"20":2,"21":0,"22":0,"23":0,"24":0,"25":0,"26":0,"27":0,"28":0,"29":0,"30":0,"31":2,"32":2,"33":2,"34":2,"35":2,"36":0,"37":1,"38":1,"39":1,"40":1,"41":1,"42":1,"43":1,"44":1,"45":1,"46":1,"47":0,"48":1,"49":1,"50":1,"51":1,"52":1,"53":0,"54":1,"55":1,"56":1,"57":1,"58":1,"59":0,"60":1,"61":1,"62":1,"63":0,"64":1,"65":1,"66":1,"67":1,"68":1,"69":1,"70":0,"71":1,"72":1,"73":1,"74":1,"75":1,"76":1,"77":1,"78":0,"79":1,"80":0,"81":3},"f":{"0":8,"1":1,"2":1,"3":4,"4":2,"5":2,"6":0,"7":0,"8":2,"9":2,"10":1,"11":1,"12":1,"13":1,"14":1,"15":1},"b":{"0":[1,0],"1":[1,0],"2":[1,0],"3":[1,0],"4":[0,1],"5":[1,1,0],"6":[0,1]},"_coverageSchema":"1a1c01bbd47fc00a2c39e90264f33305004495a9","hash":"dbe5620c56b08321b28f9ddfd5bb4a2646b81c36"}
,"/code/routes/auth.js": {"path":"/code/routes/auth.js","statementMap":{"0":{"start":{"line":1,"column":16},"end":{"line":1,"column":34}},"1":{"start":{"line":2,"column":15},"end":{"line":2,"column":31}},"2":{"start":{"line":3,"column":23},"end":{"line":3,"column":53}},"3":{"start":{"line":5,"column":0},"end":{"line":5,"column":50}},"4":{"start":{"line":6,"column":0},"end":{"line":6,"column":44}},"5":{"start":{"line":8,"column":0},"end":{"line":8,"column":24}}},"fnMap":{},"branchMap":{},"s":{"0":3,"1":3,"2":3,"3":3,"4":3,"5":3},"f":{},"b":{},"_coverageSchema":"1a1c01bbd47fc00a2c39e90264f33305004495a9","hash":"1ec422740fa9fcce95a1c57dd3901a248b5ec9fd"}
,"/code/routes/habits.js": {"path":"/code/routes/habits.js","statementMap":{"0":{"start":{"line":1,"column":16},"end":{"line":1,"column":34}},"1":{"start":{"line":2,"column":15},"end":{"line":2,"column":31}},"2":{"start":{"line":3,"column":25},"end":{"line":3,"column":57}},"3":{"start":{"line":5,"column":0},"end":{"line":5,"column":40}},"4":{"start":{"line":6,"column":0},"end":{"line":6,"column":42}},"5":{"start":{"line":7,"column":0},"end":{"line":7,"column":61}},"6":{"start":{"line":8,"column":0},"end":{"line":8,"column":45}},"7":{"start":{"line":9,"column":0},"end":{"line":9,"column":45}},"8":{"start":{"line":10,"column":0},"end":{"line":10,"column":48}},"9":{"start":{"line":12,"column":0},"end":{"line":12,"column":24}}},"fnMap":{},"branchMap":{},"s":{"0":3,"1":3,"2":3,"3":3,"4":3,"5":3,"6":3,"7":3,"8":3,"9":3},"f":{},"b":{},"_coverageSchema":"1a1c01bbd47fc00a2c39e90264f33305004495a9","hash":"45a0b2d438efcd492c2d258e4243d786a972f4d5"}
,"/code/routes/users.js": {"path":"/code/routes/users.js","statementMap":{"0":{"start":{"line":1,"column":16},"end":{"line":1,"column":34}},"1":{"start":{"line":2,"column":15},"end":{"line":2,"column":31}},"2":{"start":{"line":3,"column":24},"end":{"line":3,"column":55}},"3":{"start":{"line":5,"column":0},"end":{"line":5,"column":39}},"4":{"start":{"line":6,"column":0},"end":{"line":6,"column":41}},"5":{"start":{"line":7,"column":0},"end":{"line":7,"column":44}},"6":{"start":{"line":9,"column":0},"end":{"line":9,"column":24}}},"fnMap":{},"branchMap":{},"s":{"0":3,"1":3,"2":3,"3":3,"4":3,"5":3,"6":3},"f":{},"b":{},"_coverageSchema":"1a1c01bbd47fc00a2c39e90264f33305004495a9","hash":"c1b80d3c8e738183a6f3d54fd69a9f043981dd95"}
}
