TN:
SF:dbConfig.js
FN:6,(anonymous_0)
FNF:1
FNH:1
FNDA:16,(anonymous_0)
DA:1,3
DA:2,3
DA:4,3
DA:6,3
DA:7,16
DA:8,16
DA:9,16
DA:13,3
LF:8
LH:8
BRF:0
BRH:0
end_of_record
TN:
SF:server.js
FN:16,(anonymous_0)
FNF:1
FNH:0
FNDA:0,(anonymous_0)
DA:1,3
DA:2,3
DA:4,3
DA:5,3
DA:6,3
DA:8,3
DA:9,3
DA:10,3
DA:12,3
DA:13,3
DA:14,3
DA:16,3
DA:18,3
LF:13
LH:13
BRF:0
BRH:0
end_of_record
TN:
SF:controllers/auth.js
FN:7,register
FN:23,login
FNF:2
FNH:2
FNDA:1,register
FNDA:1,login
DA:1,3
DA:3,3
DA:4,3
DA:5,3
DA:8,1
DA:9,1
DA:10,1
DA:11,0
DA:12,0
DA:13,0
DA:14,0
DA:16,1
DA:19,0
DA:24,1
DA:25,1
DA:26,1
DA:27,1
DA:28,1
DA:30,1
DA:31,1
DA:34,1
DA:35,1
DA:36,1
DA:39,1
DA:41,0
DA:44,0
DA:49,3
LF:27
LH:20
BRDA:10,0,0,0
BRDA:10,0,1,1
BRDA:26,1,0,0
BRDA:26,1,1,1
BRDA:28,2,0,1
BRDA:28,2,1,0
BRDA:34,3,0,1
BRDA:34,3,1,0
BRF:8
BRH:4
end_of_record
TN:
SF:controllers/habits.js
FN:3,index
FN:12,show
FN:21,showUserHabits
FN:31,create
FN:40,patch
FN:50,destroy
FNF:6
FNH:6
FNDA:1,index
FNDA:1,show
FNDA:1,showUserHabits
FNDA:1,create
FNDA:1,patch
FNDA:1,destroy
DA:1,3
DA:4,1
DA:5,1
DA:6,1
DA:8,0
DA:13,1
DA:14,1
DA:15,1
DA:17,0
DA:22,1
DA:23,1
DA:24,1
DA:26,0
DA:32,1
DA:33,1
DA:34,1
DA:36,0
DA:41,1
DA:42,1
DA:43,1
DA:44,1
DA:46,0
DA:51,1
DA:52,1
DA:53,1
DA:54,1
DA:56,0
DA:60,3
LF:28
LH:22
BRF:0
BRH:0
end_of_record
TN:
SF:controllers/users.js
FN:3,index
FN:12,show
FN:21,patch
FNF:3
FNH:3
FNDA:1,index
FNDA:1,show
FNDA:1,patch
DA:1,3
DA:4,1
DA:5,1
DA:6,1
DA:8,0
DA:13,1
DA:14,1
DA:15,1
DA:17,0
DA:22,1
DA:23,1
DA:24,1
DA:25,1
DA:27,0
DA:31,3
LF:15
LH:12
BRF:0
BRH:0
end_of_record
TN:
SF:models/habit.js
FN:5,(anonymous_0)
FN:16,(anonymous_1)
FN:17,(anonymous_2)
FN:21,(anonymous_3)
FN:31,(anonymous_4)
FN:32,(anonymous_5)
FN:44,(anonymous_6)
FN:45,(anonymous_7)
FN:49,(anonymous_8)
FN:60,(anonymous_9)
FN:61,(anonymous_10)
FN:73,(anonymous_11)
FN:74,(anonymous_12)
FN:97,(anonymous_13)
FN:98,(anonymous_14)
FNF:15
FNH:15
FNDA:10,(anonymous_0)
FNDA:1,(anonymous_1)
FNDA:1,(anonymous_2)
FNDA:5,(anonymous_3)
FNDA:3,(anonymous_4)
FNDA:3,(anonymous_5)
FNDA:1,(anonymous_6)
FNDA:1,(anonymous_7)
FNDA:1,(anonymous_8)
FNDA:1,(anonymous_9)
FNDA:1,(anonymous_10)
FNDA:1,(anonymous_11)
FNDA:1,(anonymous_12)
FNDA:1,(anonymous_13)
FNDA:1,(anonymous_14)
DA:1,3
DA:2,3
DA:6,10
DA:7,10
DA:8,10
DA:9,10
DA:10,10
DA:11,10
DA:12,10
DA:13,10
DA:17,1
DA:18,1
DA:19,1
DA:20,1
DA:21,5
DA:22,1
DA:24,0
DA:25,0
DA:32,3
DA:33,3
DA:34,3
DA:35,3
DA:36,3
DA:37,3
DA:39,0
DA:45,1
DA:46,1
DA:47,1
DA:48,1
DA:49,1
DA:50,1
DA:52,0
DA:61,1
DA:62,1
DA:63,1
DA:64,1
DA:65,1
DA:66,1
DA:68,0
DA:74,1
DA:75,1
DA:76,1
DA:78,1
DA:79,0
DA:83,1
DA:85,1
DA:88,0
DA:98,1
DA:99,1
DA:100,1
DA:101,1
DA:102,1
DA:104,0
DA:110,3
LF:54
LH:46
BRDA:78,0,0,0
BRDA:78,0,1,1
BRDA:78,1,0,1
BRDA:78,1,1,1
BRF:4
BRH:3
end_of_record
TN:
SF:models/user.js
FN:6,(anonymous_0)
FN:13,(anonymous_1)
FN:14,(anonymous_2)
FN:18,(anonymous_3)
FN:27,(anonymous_4)
FN:28,(anonymous_5)
FN:40,(anonymous_6)
FN:41,(anonymous_7)
FN:57,(anonymous_8)
FN:58,(anonymous_9)
FN:72,(anonymous_10)
FN:74,(anonymous_11)
FN:135,(anonymous_12)
FN:136,(anonymous_13)
FN:148,(anonymous_14)
FN:149,(anonymous_15)
FNF:16
FNH:14
FNDA:8,(anonymous_0)
FNDA:1,(anonymous_1)
FNDA:1,(anonymous_2)
FNDA:4,(anonymous_3)
FNDA:2,(anonymous_4)
FNDA:2,(anonymous_5)
FNDA:0,(anonymous_6)
FNDA:0,(anonymous_7)
FNDA:2,(anonymous_8)
FNDA:2,(anonymous_9)
FNDA:1,(anonymous_10)
FNDA:1,(anonymous_11)
FNDA:1,(anonymous_12)
FNDA:1,(anonymous_13)
FNDA:1,(anonymous_14)
FNDA:1,(anonymous_15)
DA:1,3
DA:2,3
DA:7,8
DA:8,8
DA:9,8
DA:10,8
DA:14,1
DA:15,1
DA:16,1
DA:17,1
DA:18,4
DA:19,1
DA:21,0
DA:22,0
DA:28,2
DA:29,2
DA:30,2
DA:31,2
DA:32,2
DA:33,2
DA:35,0
DA:41,0
DA:42,0
DA:43,0
DA:45,0
DA:46,0
DA:48,0
DA:49,0
DA:50,0
DA:52,0
DA:58,2
DA:59,2
DA:60,2
DA:61,2
DA:62,2
DA:64,0
DA:74,1
DA:75,1
DA:76,1
DA:78,1
DA:79,1
DA:80,1
DA:81,1
DA:82,1
DA:86,1
DA:88,1
DA:91,0
DA:94,1
DA:97,1
DA:99,1
DA:101,1
DA:103,1
DA:106,0
DA:109,1
DA:113,1
DA:114,1
DA:115,1
DA:116,1
DA:118,0
DA:121,1
DA:123,1
DA:127,1
DA:129,0
DA:136,1
DA:137,1
DA:138,1
DA:139,1
DA:140,1
DA:141,1
DA:143,0
DA:149,1
DA:150,1
DA:151,1
DA:152,1
DA:153,1
DA:154,1
DA:155,1
DA:156,0
DA:158,1
DA:160,0
DA:166,3
LF:81
LH:61
BRDA:86,0,0,1
BRDA:86,0,1,0
BRDA:99,1,0,1
BRDA:99,1,1,0
BRDA:101,2,0,1
BRDA:101,2,1,0
BRDA:115,3,0,1
BRDA:115,3,1,0
BRDA:116,4,0,0
BRDA:116,4,1,1
BRDA:116,5,0,1
BRDA:116,5,1,1
BRDA:116,5,2,0
BRDA:155,6,0,0
BRDA:155,6,1,1
BRF:15
BRH:8
end_of_record
TN:
SF:routes/auth.js
FNF:0
FNH:0
DA:1,3
DA:2,3
DA:3,3
DA:5,3
DA:6,3
DA:8,3
LF:6
LH:6
BRF:0
BRH:0
end_of_record
TN:
SF:routes/habits.js
FNF:0
FNH:0
DA:1,3
DA:2,3
DA:3,3
DA:5,3
DA:6,3
DA:7,3
DA:8,3
DA:9,3
DA:10,3
DA:12,3
LF:10
LH:10
BRF:0
BRH:0
end_of_record
TN:
SF:routes/users.js
FNF:0
FNH:0
DA:1,3
DA:2,3
DA:3,3
DA:5,3
DA:6,3
DA:7,3
DA:9,3
LF:7
LH:7
BRF:0
BRH:0
end_of_record
